# Logfile created on 2011-08-15 16:31:07 -0400 by logger.rb/25413
*** below you find the most recent exception thrown, this will be likely (but not certainly) the exception that made the application exit abnormally ***
#<NoMethodError: undefined method `to_ary' for #<Device:0x007ff373bbdaf0>>
*** below you find all exception objects found in memory, some of them may have been thrown in your application, others may just be in memory because they are standard exceptions ***
#<NoMemoryError: failed to allocate memory>
#<SystemStackError: stack level too deep>
#<fatal: exception reentered>
#<NoMethodError: undefined method `to_ary' for #<Device:0x007ff373bbdaf0>>
*** below you find the most recent exception thrown, this will be likely (but not certainly) the exception that made the application exit abnormally ***
#<NoMethodError: undefined method `to_ary' for #<Device:0x007fc0a1c43628>>
*** below you find all exception objects found in memory, some of them may have been thrown in your application, others may just be in memory because they are standard exceptions ***
#<NoMemoryError: failed to allocate memory>
#<SystemStackError: stack level too deep>
#<fatal: exception reentered>
#<NoMethodError: undefined method `to_ary' for #<Device:0x007fc0a1c43628>>
*** below you find the most recent exception thrown, this will be likely (but not certainly) the exception that made the application exit abnormally ***
#<fatal: exception reentered>
*** below you find all exception objects found in memory, some of them may have been thrown in your application, others may just be in memory because they are standard exceptions ***
#<NoMemoryError: failed to allocate memory>
#<SystemStackError: stack level too deep>
#<fatal: exception reentered>
*** below you find the most recent exception thrown, this will be likely (but not certainly) the exception that made the application exit abnormally ***
#<NoMethodError: undefined method `to_ary' for #<Device:0x007fc2c738ffe0>>
*** below you find all exception objects found in memory, some of them may have been thrown in your application, others may just be in memory because they are standard exceptions ***
#<NoMemoryError: failed to allocate memory>
#<SystemStackError: stack level too deep>
#<fatal: exception reentered>
#<NoMethodError: undefined method `to_ary' for #<Device:0x007fc2c2a757b0>>
#<NoMethodError: undefined method `to_ary' for #<Device:0x007fc2c7217168>>
#<NoMethodError: undefined method `to_ary' for #<Device:0x007fc2c7217168>>
#<NoMethodError: undefined method `to_ary' for #<Device:0x007fc2c7217168>>
#<NoMethodError: undefined method `to_ary' for #<Device:0x007fc2c7217168>>
#<NoMethodError: undefined method `to_ary' for #<Device:0x007fc2c7240c98>>
#<NoMethodError: undefined method `to_ary' for #<Device:0x007fc2c7240c98>>
#<NoMethodError: undefined method `to_ary' for #<Device:0x007fc2c7240c98>>
#<NoMethodError: undefined method `to_ary' for #<Device:0x007fc2c7240c98>>
#<NoMethodError: undefined method `to_ary' for #<Device:0x007fc2c727da58>>
#<NoMethodError: undefined method `to_ary' for #<Device:0x007fc2c727da58>>
#<NoMethodError: undefined method `to_ary' for #<Device:0x007fc2c727da58>>
#<NoMethodError: undefined method `to_ary' for #<Device:0x007fc2c727da58>>
#<NoMethodError: undefined method `to_ary' for #<Device:0x007fc2c738ffe0>>
#<NoMethodError: undefined method `to_ary' for #<Device:0x007fc2c738ffe0>>
#<NoMethodError: undefined method `to_ary' for #<Device:0x007fc2c738ffe0>>
#<NoMethodError: undefined method `to_ary' for #<Device:0x007fc2c738ffe0>>
*** below you find the most recent exception thrown, this will be likely (but not certainly) the exception that made the application exit abnormally ***
#<NoMethodError: undefined method `to_ary' for #<Device:0x007fdb02b5c838>>
*** below you find all exception objects found in memory, some of them may have been thrown in your application, others may just be in memory because they are standard exceptions ***
#<NoMemoryError: failed to allocate memory>
#<SystemStackError: stack level too deep>
#<fatal: exception reentered>
#<NoMethodError: undefined method `to_ary' for #<Device:0x007fdb00c8b0d0>>
#<ActiveRecord::StatementInvalid: Mysql2::Error: MySQL server has gone away: SELECT  `devices`.* FROM `devices` WHERE `devices`.`id` = 11 LIMIT 1>
#<Mysql2::Error: MySQL server has gone away>
#<NoMethodError: undefined method `to_ary' for #<Device:0x007fdb02b5c838>>
#<NoMethodError: undefined method `to_ary' for #<Device:0x007fdb02b5c838>>
#<NoMethodError: undefined method `to_ary' for #<Device:0x007fdb02b5c838>>
#<NoMethodError: undefined method `to_ary' for #<Device:0x007fdb02b5c838>>
*** below you find the most recent exception thrown, this will be likely (but not certainly) the exception that made the application exit abnormally ***
#<NameError: method `recognize' not defined in Rack::Mount::RouteSet>
*** below you find all exception objects found in memory, some of them may have been thrown in your application, others may just be in memory because they are standard exceptions ***
#<NoMemoryError: failed to allocate memory>
#<SystemStackError: stack level too deep>
#<fatal: exception reentered>
#<Mysql2::Error: Unknown database 'pulseserver_production'>
#<NameError: method `recognize' not defined in Rack::Mount::RouteSet>
*** below you find the most recent exception thrown, this will be likely (but not certainly) the exception that made the application exit abnormally ***
#<fatal: exception reentered>
*** below you find all exception objects found in memory, some of them may have been thrown in your application, others may just be in memory because they are standard exceptions ***
#<NoMemoryError: failed to allocate memory>
#<SystemStackError: stack level too deep>
#<fatal: exception reentered>
